Build started 12/16/2015 5:50:15 PM.
     1>Project "C:\Users\matta_000\documents\visual studio 2015\Projects\CS1124 Class Notes\CS1124 Class Notes\CS1124 Class Notes.vcxproj" on node 2 (Build target(s)).
     1>Link:
         C:\Program Files (x86)\Microsoft Visual Studio 14.0\VC\bin\link.exe /ERRORREPORT:PROMPT /OUT:"C:\Users\matta_000\documents\visual studio 2015\Projects\CS1124 Class Notes\Debug\CS1124 Class Notes.exe" /INCREMENTAL /NOLOGO kernel32.lib user32.lib gdi32.lib winspool.lib comdlg32.lib advapi32.lib shell32.lib ole32.lib oleaut32.lib uuid.lib odbc32.lib odbccp32.lib /MANIFEST /MANIFESTUAC:"level='asInvoker' uiAccess='false'" /manifest:embed /Debug /PDB:"C:\Users\matta_000\documents\visual studio 2015\Projects\CS1124 Class Notes\Debug\CS1124 Class Notes.pdb" /SUBSYSTEM:CONSOLE /TLBID:1 /DYNAMICBASE /NXCOMPAT /IMPLIB:"C:\Users\matta_000\documents\visual studio 2015\Projects\CS1124 Class Notes\Debug\CS1124 Class Notes.lib" /MACHINE:X86 Debug\1.inheritance.obj
         Debug\3.hiding.obj
         "Debug\5.polyConst (1).obj"
         Debug\6.shape.obj
         Debug\aoo.obj
         Debug\bounds_check.obj
         "Debug\cc-inheritance (1).obj"
         "Debug\copy-control.obj"
         Debug\exceptions.obj
         Debug\linkedlist.obj
         "Debug\operator-overloading.obj"
         Debug\outputOperator.obj
         Debug\ReadFile.obj
         Debug\recursion.obj
         Debug\SquareBrackets.obj
         "Debug\stl (1).obj"
         Debug\whyreference.obj
     1>3.hiding.obj : error LNK2005: _main already defined in 1.inheritance.obj
     1>5.polyConst (1).obj : error LNK2005: _main already defined in 1.inheritance.obj
     1>6.shape.obj : error LNK2005: _main already defined in 1.inheritance.obj
     1>aoo.obj : error LNK2005: _main already defined in 1.inheritance.obj
     1>bounds_check.obj : error LNK2005: _main already defined in 1.inheritance.obj
     1>cc-inheritance (1).obj : error LNK2005: _main already defined in 1.inheritance.obj
     1>copy-control.obj : error LNK2005: "void __cdecl simpleFunc(void)" (?simpleFunc@@YAXXZ) already defined in cc-inheritance (1).obj
     1>copy-control.obj : error LNK2005: _main already defined in 1.inheritance.obj
     1>exceptions.obj : error LNK2005: _main already defined in 1.inheritance.obj
     1>linkedlist.obj : error LNK2005: _main already defined in 1.inheritance.obj
     1>operator-overloading.obj : error LNK2005: _main already defined in 1.inheritance.obj
     1>outputOperator.obj : error LNK2005: _main already defined in 1.inheritance.obj
     1>ReadFile.obj : error LNK2005: _main already defined in 1.inheritance.obj
     1>recursion.obj : error LNK2005: _main already defined in 1.inheritance.obj
     1>SquareBrackets.obj : error LNK2005: _main already defined in 1.inheritance.obj
     1>stl (1).obj : error LNK2005: _main already defined in 1.inheritance.obj
     1>whyreference.obj : error LNK2005: _main already defined in 1.inheritance.obj
     1>C:\Users\matta_000\documents\visual studio 2015\Projects\CS1124 Class Notes\Debug\CS1124 Class Notes.exe : fatal error LNK1169: one or more multiply defined symbols found
     1>Done Building Project "C:\Users\matta_000\documents\visual studio 2015\Projects\CS1124 Class Notes\CS1124 Class Notes\CS1124 Class Notes.vcxproj" (Build target(s)) -- FAILED.

Build FAILED.

Time Elapsed 00:00:00.36
