Build started 9/18/2015 9:59:24 AM.
     1>Project "c:\Users\matta_000\documents\visual studio 2015\Projects\recitation3\recitation3.vcxproj" on node 2 (Build target(s)).
     1>ClCompile:
         C:\Program Files (x86)\Microsoft Visual Studio 14.0\VC\bin\CL.exe /c /ZI /nologo /W3 /WX- /sdl /Od /Oy- /D WIN32 /D _DEBUG /D _CONSOLE /D _UNICODE /D UNICODE /Gm /EHsc /RTC1 /MDd /GS /fp:precise /Zc:wchar_t /Zc:forScope /Zc:inline /Yu"stdafx.h" /Fp"Debug\recitation3.pch" /Fo"Debug\\" /Fd"Debug\vc140.pdb" /Gd /TP /analyze- /errorReport:prompt recitation3.cpp
         recitation3.cpp
     1>c:\users\matta_000\documents\visual studio 2015\projects\recitation3\recitation3.cpp(4): warning C4627: '#include <string>': skipped when looking for precompiled header use
         c:\users\matta_000\documents\visual studio 2015\projects\recitation3\recitation3.cpp(4): note: Add directive to 'stdafx.h' or rebuild precompiled header
     1>c:\users\matta_000\documents\visual studio 2015\projects\recitation3\recitation3.cpp(5): warning C4627: '#include <vector>': skipped when looking for precompiled header use
         c:\users\matta_000\documents\visual studio 2015\projects\recitation3\recitation3.cpp(5): note: Add directive to 'stdafx.h' or rebuild precompiled header
     1>c:\users\matta_000\documents\visual studio 2015\projects\recitation3\recitation3.cpp(6): warning C4627: '#include <iostream>': skipped when looking for precompiled header use
         c:\users\matta_000\documents\visual studio 2015\projects\recitation3\recitation3.cpp(6): note: Add directive to 'stdafx.h' or rebuild precompiled header
     1>c:\users\matta_000\documents\visual studio 2015\projects\recitation3\recitation3.cpp(7): warning C4627: '#include <fstream>': skipped when looking for precompiled header use
         c:\users\matta_000\documents\visual studio 2015\projects\recitation3\recitation3.cpp(7): note: Add directive to 'stdafx.h' or rebuild precompiled header
     1>c:\users\matta_000\documents\visual studio 2015\projects\recitation3\recitation3.cpp(11): error C2065: 'ifstream': undeclared identifier
     1>c:\users\matta_000\documents\visual studio 2015\projects\recitation3\recitation3.cpp(11): error C2065: 'ifs': undeclared identifier
     1>c:\users\matta_000\documents\visual studio 2015\projects\recitation3\recitation3.cpp(11): error C2182: 'openFile': illegal use of type 'void'
     1>c:\users\matta_000\documents\visual studio 2015\projects\recitation3\recitation3.cpp(12): error C2065: 'ifstream': undeclared identifier
     1>c:\users\matta_000\documents\visual studio 2015\projects\recitation3\recitation3.cpp(12): error C2065: 'ifs': undeclared identifier
     1>c:\users\matta_000\documents\visual studio 2015\projects\recitation3\recitation3.cpp(12): error C2065: 'vector': undeclared identifier
     1>c:\users\matta_000\documents\visual studio 2015\projects\recitation3\recitation3.cpp(12): error C2065: 'Molecule': undeclared identifier
     1>c:\users\matta_000\documents\visual studio 2015\projects\recitation3\recitation3.cpp(12): error C2065: 'molecules': undeclared identifier
     1>c:\users\matta_000\documents\visual studio 2015\projects\recitation3\recitation3.cpp(12): error C2182: 'readFile': illegal use of type 'void'
     1>c:\users\matta_000\documents\visual studio 2015\projects\recitation3\recitation3.cpp(13): error C2065: 'vector': undeclared identifier
     1>c:\users\matta_000\documents\visual studio 2015\projects\recitation3\recitation3.cpp(13): error C2065: 'Molecule': undeclared identifier
     1>c:\users\matta_000\documents\visual studio 2015\projects\recitation3\recitation3.cpp(13): error C2065: 'molecules': undeclared identifier
     1>c:\users\matta_000\documents\visual studio 2015\projects\recitation3\recitation3.cpp(13): error C2182: 'print': illegal use of type 'void'
     1>c:\users\matta_000\documents\visual studio 2015\projects\recitation3\recitation3.cpp(14): error C4430: missing type specifier - int assumed. Note: C++ does not support default-int
     1>c:\users\matta_000\documents\visual studio 2015\projects\recitation3\recitation3.cpp(14): error C2143: syntax error: missing ',' before '<'
     1>c:\users\matta_000\documents\visual studio 2015\projects\recitation3\recitation3.cpp(15): error C2065: 'vector': undeclared identifier
     1>c:\users\matta_000\documents\visual studio 2015\projects\recitation3\recitation3.cpp(15): error C2065: 'Molecule': undeclared identifier
     1>c:\users\matta_000\documents\visual studio 2015\projects\recitation3\recitation3.cpp(15): error C2065: 'molecules': undeclared identifier
     1>c:\users\matta_000\documents\visual studio 2015\projects\recitation3\recitation3.cpp(15): error C2182: 'printName': illegal use of type 'void'
     1>c:\users\matta_000\documents\visual studio 2015\projects\recitation3\recitation3.cpp(20): error C2143: syntax error: missing ';' before '<'
     1>c:\users\matta_000\documents\visual studio 2015\projects\recitation3\recitation3.cpp(20): error C4430: missing type specifier - int assumed. Note: C++ does not support default-int
     1>c:\users\matta_000\documents\visual studio 2015\projects\recitation3\recitation3.cpp(20): error C2238: unexpected token(s) preceding ';'
     1>c:\users\matta_000\documents\visual studio 2015\projects\recitation3\recitation3.cpp(24): error C2065: 'ifstream': undeclared identifier
     1>c:\users\matta_000\documents\visual studio 2015\projects\recitation3\recitation3.cpp(24): error C2146: syntax error: missing ';' before identifier 'ifs'
     1>c:\users\matta_000\documents\visual studio 2015\projects\recitation3\recitation3.cpp(24): error C2065: 'ifs': undeclared identifier
     1>c:\users\matta_000\documents\visual studio 2015\projects\recitation3\recitation3.cpp(25): error C2065: 'ifs': undeclared identifier
     1>c:\users\matta_000\documents\visual studio 2015\projects\recitation3\recitation3.cpp(26): error C2065: 'vector': undeclared identifier
     1>c:\users\matta_000\documents\visual studio 2015\projects\recitation3\recitation3.cpp(26): error C2275: 'Molecule': illegal use of this type as an expression
         c:\users\matta_000\documents\visual studio 2015\projects\recitation3\recitation3.cpp(17): note: see declaration of 'Molecule'
     1>c:\users\matta_000\documents\visual studio 2015\projects\recitation3\recitation3.cpp(26): error C2065: 'molecules': undeclared identifier
     1>c:\users\matta_000\documents\visual studio 2015\projects\recitation3\recitation3.cpp(27): error C2065: 'ifs': undeclared identifier
     1>c:\users\matta_000\documents\visual studio 2015\projects\recitation3\recitation3.cpp(27): error C2065: 'molecules': undeclared identifier
     1>c:\users\matta_000\documents\visual studio 2015\projects\recitation3\recitation3.cpp(28): error C2065: 'molecules': undeclared identifier
     1>c:\users\matta_000\documents\visual studio 2015\projects\recitation3\recitation3.cpp(31): error C2065: 'ifstream': undeclared identifier
     1>c:\users\matta_000\documents\visual studio 2015\projects\recitation3\recitation3.cpp(31): error C2065: 'ifs': undeclared identifier
     1>c:\users\matta_000\documents\visual studio 2015\projects\recitation3\recitation3.cpp(31): error C2182: 'openFile': illegal use of type 'void'
     1>c:\users\matta_000\documents\visual studio 2015\projects\recitation3\recitation3.cpp(31): error C2374: 'openFile': redefinition; multiple initialization
         c:\users\matta_000\documents\visual studio 2015\projects\recitation3\recitation3.cpp(11): note: see declaration of 'openFile'
     1>c:\users\matta_000\documents\visual studio 2015\projects\recitation3\recitation3.cpp(31): error C2448: 'openFile': function-style initializer appears to be a function definition
     1>c:\users\matta_000\documents\visual studio 2015\projects\recitation3\recitation3.cpp(38): error C2065: 'ifstream': undeclared identifier
     1>c:\users\matta_000\documents\visual studio 2015\projects\recitation3\recitation3.cpp(38): error C2065: 'ifs': undeclared identifier
     1>c:\users\matta_000\documents\visual studio 2015\projects\recitation3\recitation3.cpp(38): error C2065: 'vector': undeclared identifier
     1>c:\users\matta_000\documents\visual studio 2015\projects\recitation3\recitation3.cpp(38): error C2275: 'Molecule': illegal use of this type as an expression
         c:\users\matta_000\documents\visual studio 2015\projects\recitation3\recitation3.cpp(17): note: see declaration of 'Molecule'
     1>c:\users\matta_000\documents\visual studio 2015\projects\recitation3\recitation3.cpp(38): error C2065: 'molecules': undeclared identifier
     1>c:\users\matta_000\documents\visual studio 2015\projects\recitation3\recitation3.cpp(38): error C2182: 'readFile': illegal use of type 'void'
     1>c:\users\matta_000\documents\visual studio 2015\projects\recitation3\recitation3.cpp(38): error C2374: 'readFile': redefinition; multiple initialization
         c:\users\matta_000\documents\visual studio 2015\projects\recitation3\recitation3.cpp(12): note: see declaration of 'readFile'
     1>c:\users\matta_000\documents\visual studio 2015\projects\recitation3\recitation3.cpp(38): error C2448: 'readFile': function-style initializer appears to be a function definition
     1>c:\users\matta_000\documents\visual studio 2015\projects\recitation3\recitation3.cpp(60): error C2065: 'vector': undeclared identifier
     1>c:\users\matta_000\documents\visual studio 2015\projects\recitation3\recitation3.cpp(60): error C2275: 'Molecule': illegal use of this type as an expression
         c:\users\matta_000\documents\visual studio 2015\projects\recitation3\recitation3.cpp(17): note: see declaration of 'Molecule'
     1>c:\users\matta_000\documents\visual studio 2015\projects\recitation3\recitation3.cpp(60): error C2065: 'molecules': undeclared identifier
     1>c:\users\matta_000\documents\visual studio 2015\projects\recitation3\recitation3.cpp(60): error C2182: 'print': illegal use of type 'void'
     1>c:\users\matta_000\documents\visual studio 2015\projects\recitation3\recitation3.cpp(60): error C2374: 'print': redefinition; multiple initialization
         c:\users\matta_000\documents\visual studio 2015\projects\recitation3\recitation3.cpp(13): note: see declaration of 'print'
     1>c:\users\matta_000\documents\visual studio 2015\projects\recitation3\recitation3.cpp(60): error C2448: 'print': function-style initializer appears to be a function definition
     1>c:\users\matta_000\documents\visual studio 2015\projects\recitation3\recitation3.cpp(72): error C4430: missing type specifier - int assumed. Note: C++ does not support default-int
     1>c:\users\matta_000\documents\visual studio 2015\projects\recitation3\recitation3.cpp(72): error C2143: syntax error: missing ',' before '<'
     1>c:\users\matta_000\documents\visual studio 2015\projects\recitation3\recitation3.cpp(72): error C2365: 'printName': redefinition; previous definition was 'data variable'
         c:\users\matta_000\documents\visual studio 2015\projects\recitation3\recitation3.cpp(15): note: see declaration of 'printName'
     1>c:\users\matta_000\documents\visual studio 2015\projects\recitation3\recitation3.cpp(73): error C2065: 'molecules': undeclared identifier
     1>c:\users\matta_000\documents\visual studio 2015\projects\recitation3\recitation3.cpp(73): error C3861: '<begin>': identifier not found
     1>c:\users\matta_000\documents\visual studio 2015\projects\recitation3\recitation3.cpp(73): error C3312: no callable 'begin' function found for type 'unknown-type'
     1>c:\users\matta_000\documents\visual studio 2015\projects\recitation3\recitation3.cpp(73): error C3861: '<end>': identifier not found
     1>c:\users\matta_000\documents\visual studio 2015\projects\recitation3\recitation3.cpp(73): error C3312: no callable 'end' function found for type 'unknown-type'
     1>c:\users\matta_000\documents\visual studio 2015\projects\recitation3\recitation3.cpp(74): error C2065: 'string': undeclared identifier
     1>c:\users\matta_000\documents\visual studio 2015\projects\recitation3\recitation3.cpp(74): error C2146: syntax error: missing ';' before identifier 'name'
     1>c:\users\matta_000\documents\visual studio 2015\projects\recitation3\recitation3.cpp(74): error C2143: syntax error: missing ';' before ':'
     1>c:\users\matta_000\documents\visual studio 2015\projects\recitation3\recitation3.cpp(74): error C2143: syntax error: missing ')' before ':'
     1>c:\users\matta_000\documents\visual studio 2015\projects\recitation3\recitation3.cpp(74): error C2059: syntax error: ':'
     1>c:\users\matta_000\documents\visual studio 2015\projects\recitation3\recitation3.cpp(74): error C2059: syntax error: ')'
     1>c:\users\matta_000\documents\visual studio 2015\projects\recitation3\recitation3.cpp(74): error C2143: syntax error: missing ';' before '{'
     1>c:\users\matta_000\documents\visual studio 2015\projects\recitation3\recitation3.cpp(75): error C2065: 'cout': undeclared identifier
     1>c:\users\matta_000\documents\visual studio 2015\projects\recitation3\recitation3.cpp(75): error C2065: 'name': undeclared identifier
     1>c:\users\matta_000\documents\visual studio 2015\projects\recitation3\recitation3.cpp(80): error C4430: missing type specifier - int assumed. Note: C++ does not support default-int
     1>c:\users\matta_000\documents\visual studio 2015\projects\recitation3\recitation3.cpp(80): error C2143: syntax error: missing ',' before '<'
     1>c:\users\matta_000\documents\visual studio 2015\projects\recitation3\recitation3.cpp(82): error C2065: 'molecules': undeclared identifier
     1>c:\users\matta_000\documents\visual studio 2015\projects\recitation3\recitation3.cpp(82): error C3861: '<begin>': identifier not found
     1>c:\users\matta_000\documents\visual studio 2015\projects\recitation3\recitation3.cpp(82): error C3312: no callable 'begin' function found for type 'unknown-type'
     1>c:\users\matta_000\documents\visual studio 2015\projects\recitation3\recitation3.cpp(82): error C3861: '<end>': identifier not found
     1>c:\users\matta_000\documents\visual studio 2015\projects\recitation3\recitation3.cpp(82): error C3312: no callable 'end' function found for type 'unknown-type'
     1>c:\users\matta_000\documents\visual studio 2015\projects\recitation3\recitation3.cpp(83): error C2065: 'm': undeclared identifier
     1>c:\users\matta_000\documents\visual studio 2015\projects\recitation3\recitation3.cpp(83): error C2228: left of '.numC' must have class/struct/union
         c:\users\matta_000\documents\visual studio 2015\projects\recitation3\recitation3.cpp(83): note: type is 'unknown-type'
     1>c:\users\matta_000\documents\visual studio 2015\projects\recitation3\recitation3.cpp(84): error C2065: 'm': undeclared identifier
     1>c:\users\matta_000\documents\visual studio 2015\projects\recitation3\recitation3.cpp(84): error C2228: left of '.numC' must have class/struct/union
         c:\users\matta_000\documents\visual studio 2015\projects\recitation3\recitation3.cpp(84): note: type is 'unknown-type'
     1>Done Building Project "c:\Users\matta_000\documents\visual studio 2015\Projects\recitation3\recitation3.vcxproj" (Build target(s)) -- FAILED.

Build FAILED.

Time Elapsed 00:00:00.20
